Exporter version: 6.4.3, Blender version: 2.82 (sub 7)
========= Conversion from Blender to Babylon.js =========
	Scene settings used :
		Inline textures     :  false
		Material Type       :  PBR
		Positions Precision :  4
		Normals Precision   :  3
		UVs Precision       :  3
		Vert Color Precision:  3
		Mat Weight Precision:  2
		Keep Z-up r-handed  :  no
		Texture directory   :  C:\Users\staton\Documents\GitHub\planet-builder-web\resources\models\
	Python World class constructor completed
	WARNING: No active camera has been assigned, or is not in a currently selected Blender layer
	processing begun of mesh:  side
		WARNING: No materials have been assigned: 
		num positions      :  96
		num normals        :  96
		num tangents       :  0
		num uvs            :  192
		num uvs2           :  0
		num colors         :  0
		num triangles      :  32
========= Writing of JSON file started =========
	writing mesh:  side
========= Writing of JSON file completed =========
========= end of processing =========
elapsed time:  0 min, 0.044 secs
