Exporter version: 6.4.5, Blender version: 2.90.1
========= Conversion from Blender to Babylon.js =========
	Scene settings used :
		Inline textures     :  false
		Material Type       :  PBR
		Positions Precision :  4
		Normals Precision   :  3
		UVs Precision       :  3
		Vert Color Precision:  3
		Mat Weight Precision:  2
		Keep Z-up r-handed  :  no
		Texture directory   :  C:\Users\svent\Documents\Sven Frankson\planet-builder-web\resources\models\
	Python World class constructor completed
	WARNING: No active camera has been assigned, or is not in a currently selected Blender layer
	processing begun of mesh:  plane
		processing begun of material:  Material.001
		processing begun of material:  Material.003
		processing begun of multimaterial:  plane.Multimaterial#0
		num positions      :  888
		num normals        :  888
		num tangents       :  0
		num uvs            :  1776
		num uvs2           :  0
		num colors         :  0
		num triangles      :  1060
	processing begun of mesh:  engine-right
		processing begun of material:  Material.002
		num positions      :  360
		num normals        :  360
		num tangents       :  0
		num uvs            :  720
		num uvs2           :  0
		num colors         :  0
		num triangles      :  480
	processing begun of mesh:  engine-left
		processing begun of material:  Material.002
		registered as also a user of material:  Material.002
		num positions      :  360
		num normals        :  360
		num tangents       :  0
		num uvs            :  720
		num uvs2           :  0
		num colors         :  0
		num triangles      :  480
	processing begun of mesh:  landing-gear
		WARNING: No materials have been assigned: 
		num positions      :  123
		num normals        :  123
		num tangents       :  0
		num uvs            :  246
		num uvs2           :  0
		num colors         :  0
		num triangles      :  48
========= Writing of JSON file started =========
	writing mesh:  plane
	writing mesh:  engine-right
	writing mesh:  engine-left
	writing mesh:  landing-gear
========= Writing of JSON file completed =========
========= end of processing =========
elapsed time:  0 min, 0.1994 secs
