Exporter version: 6.4.5, Blender version: 2.90.1
========= Conversion from Blender to Babylon.js =========
	Scene settings used :
		Inline textures     :  false
		Material Type       :  PBR
		Positions Precision :  4
		Normals Precision   :  3
		UVs Precision       :  3
		Vert Color Precision:  3
		Mat Weight Precision:  2
		Keep Z-up r-handed  :  no
		Texture directory   :  C:\Users\svent\Documents\Sven Frankson\planet-builder-web\datas\meshes\
	Python World class constructor completed
	WARNING: No active camera has been assigned, or is not in a currently selected Blender layer
	processing begun of mesh:  11110000
		processing begun of material:  Green
		num positions      :  9
		num normals        :  9
		num tangents       :  0
		num uvs            :  18
		num uvs2           :  0
		num colors         :  0
		num triangles      :  8
	processing begun of mesh:  10000000
		processing begun of material:  Green
		registered as also a user of material:  Green
		num positions      :  3
		num normals        :  3
		num tangents       :  0
		num uvs            :  6
		num uvs2           :  0
		num colors         :  0
		num triangles      :  1
	processing begun of mesh:  11000000
		processing begun of material:  Green
		registered as also a user of material:  Green
		num positions      :  6
		num normals        :  6
		num tangents       :  0
		num uvs            :  12
		num uvs2           :  0
		num colors         :  0
		num triangles      :  4
	processing begun of mesh:  10110010
		processing begun of material:  Green
		registered as also a user of material:  Green
		num positions      :  19
		num normals        :  19
		num tangents       :  0
		num uvs            :  38
		num uvs2           :  0
		num colors         :  0
		num triangles      :  8
	processing begun of mesh:  11100100
		processing begun of material:  Green
		registered as also a user of material:  Green
		num positions      :  15
		num normals        :  15
		num tangents       :  0
		num uvs            :  30
		num uvs2           :  0
		num colors         :  0
		num triangles      :  6
	processing begun of mesh:  10101000
		processing begun of material:  Green
		registered as also a user of material:  Green
		num positions      :  28
		num normals        :  28
		num tangents       :  0
		num uvs            :  56
		num uvs2           :  0
		num colors         :  0
		num triangles      :  10
	processing begun of mesh:  10000100
		processing begun of material:  Green
		registered as also a user of material:  Green
		num positions      :  18
		num normals        :  18
		num tangents       :  0
		num uvs            :  36
		num uvs2           :  0
		num colors         :  0
		num triangles      :  6
	processing begun of mesh:  11100000
		processing begun of material:  Green
		registered as also a user of material:  Green
		num positions      :  14
		num normals        :  14
		num tangents       :  0
		num uvs            :  28
		num uvs2           :  0
		num colors         :  0
		num triangles      :  7
========= Writing of JSON file started =========
	writing mesh:  11110000
	writing mesh:  10000000
	writing mesh:  11000000
	writing mesh:  10110010
	writing mesh:  11100100
	writing mesh:  10101000
	writing mesh:  10000100
	writing mesh:  11100000
========= Writing of JSON file completed =========
========= end of processing =========
elapsed time:  0 min, 0.017 secs
