Exporter version: 6.4.5, Blender version: 2.90.1
========= Conversion from Blender to Babylon.js =========
	Scene settings used :
		Inline textures     :  false
		Material Type       :  PBR
		Positions Precision :  4
		Normals Precision   :  3
		UVs Precision       :  3
		Vert Color Precision:  3
		Mat Weight Precision:  2
		Keep Z-up r-handed  :  no
		Texture directory   :  C:\Users\svent\Documents\Sven Frankson\planet-builder-web\datas\meshes\
	Python World class constructor completed
	WARNING: No active camera has been assigned, or is not in a currently selected Blender layer
	processing begun of mesh:  10000100
		processing begun of material:  Green
		num positions      :  37
		num normals        :  37
		num tangents       :  0
		num uvs            :  74
		num uvs2           :  0
		num colors         :  0
		num triangles      :  48
	processing begun of mesh:  11110000
		processing begun of material:  Green
		registered as also a user of material:  Green
		num positions      :  4
		num normals        :  4
		num tangents       :  0
		num uvs            :  8
		num uvs2           :  0
		num colors         :  0
		num triangles      :  2
	processing begun of mesh:  11111000
		processing begun of material:  Green
		registered as also a user of material:  Green
		num positions      :  28
		num normals        :  28
		num tangents       :  0
		num uvs            :  56
		num uvs2           :  0
		num colors         :  0
		num triangles      :  34
	processing begun of mesh:  10000000
		processing begun of material:  Green
		registered as also a user of material:  Green
		num positions      :  19
		num normals        :  19
		num tangents       :  0
		num uvs            :  38
		num uvs2           :  0
		num colors         :  0
		num triangles      :  24
	processing begun of mesh:  11111100
		processing begun of material:  Green
		registered as also a user of material:  Green
		num positions      :  10
		num normals        :  10
		num tangents       :  0
		num uvs            :  20
		num uvs2           :  0
		num colors         :  0
		num triangles      :  8
	processing begun of mesh:  11001100
		processing begun of material:  Green
		registered as also a user of material:  Green
		num positions      :  4
		num normals        :  4
		num tangents       :  0
		num uvs            :  8
		num uvs2           :  0
		num colors         :  0
		num triangles      :  2
	processing begun of mesh:  10110010
		processing begun of material:  Green
		registered as also a user of material:  Green
		num positions      :  37
		num normals        :  37
		num tangents       :  0
		num uvs            :  74
		num uvs2           :  0
		num colors         :  0
		num triangles      :  48
	processing begun of mesh:  11100100
		processing begun of material:  Green
		registered as also a user of material:  Green
		num positions      :  37
		num normals        :  37
		num tangents       :  0
		num uvs            :  74
		num uvs2           :  0
		num colors         :  0
		num triangles      :  48
	processing begun of mesh:  11001000
		processing begun of material:  Green
		registered as also a user of material:  Green
		num positions      :  28
		num normals        :  28
		num tangents       :  0
		num uvs            :  56
		num uvs2           :  0
		num colors         :  0
		num triangles      :  34
	processing begun of mesh:  10001000
		processing begun of material:  Green
		registered as also a user of material:  Green
		num positions      :  10
		num normals        :  10
		num tangents       :  0
		num uvs            :  20
		num uvs2           :  0
		num colors         :  0
		num triangles      :  8
	processing begun of mesh:  10101000
		processing begun of material:  Green
		registered as also a user of material:  Green
		num positions      :  68
		num normals        :  68
		num tangents       :  0
		num uvs            :  136
		num uvs2           :  0
		num colors         :  0
		num triangles      :  60
	processing begun of mesh:  11100001
		processing begun of material:  Green
		registered as also a user of material:  Green
		num positions      :  50
		num normals        :  50
		num tangents       :  0
		num uvs            :  100
		num uvs2           :  0
		num colors         :  0
		num triangles      :  64
	processing begun of mesh:  10000010
		processing begun of material:  Red
		num positions      :  38
		num normals        :  38
		num tangents       :  0
		num uvs            :  76
		num uvs2           :  0
		num colors         :  0
		num triangles      :  48
	processing begun of mesh:  11001001
		processing begun of material:  Green
		registered as also a user of material:  Green
		num positions      :  37
		num normals        :  37
		num tangents       :  0
		num uvs            :  74
		num uvs2           :  0
		num colors         :  0
		num triangles      :  48
	processing begun of mesh:  10100000
		processing begun of material:  Green
		registered as also a user of material:  Green
		num positions      :  46
		num normals        :  46
		num tangents       :  0
		num uvs            :  92
		num uvs2           :  0
		num colors         :  0
		num triangles      :  48
	processing begun of mesh:  10100100
		processing begun of material:  Green
		registered as also a user of material:  Green
		num positions      :  74
		num normals        :  74
		num tangents       :  0
		num uvs            :  148
		num uvs2           :  0
		num colors         :  0
		num triangles      :  76
	processing begun of mesh:  10000110
		processing begun of material:  Green
		registered as also a user of material:  Green
		num positions      :  46
		num normals        :  46
		num tangents       :  0
		num uvs            :  92
		num uvs2           :  0
		num colors         :  0
		num triangles      :  47
	processing begun of mesh:  zero
		processing begun of material:  Green
		registered as also a user of material:  Green
		num positions      :  113
		num normals        :  113
		num tangents       :  0
		num uvs            :  226
		num uvs2           :  0
		num colors         :  0
		num triangles      :  108
	processing begun of mesh:  01010110
		processing begun of material:  Green
		registered as also a user of material:  Green
		num positions      :  58
		num normals        :  58
		num tangents       :  0
		num uvs            :  116
		num uvs2           :  0
		num colors         :  0
		num triangles      :  59
	processing begun of mesh:  11110101
		processing begun of material:  Green
		registered as also a user of material:  Green
		num positions      :  38
		num normals        :  38
		num tangents       :  0
		num uvs            :  76
		num uvs2           :  0
		num colors         :  0
		num triangles      :  48
	processing begun of mesh:  11000011
		processing begun of material:  Green
		registered as also a user of material:  Green
		num positions      :  20
		num normals        :  20
		num tangents       :  0
		num uvs            :  40
		num uvs2           :  0
		num colors         :  0
		num triangles      :  16
	processing begun of mesh:  10101010
		processing begun of material:  Green
		registered as also a user of material:  Green
		num positions      :  20
		num normals        :  20
		num tangents       :  0
		num uvs            :  40
		num uvs2           :  0
		num colors         :  0
		num triangles      :  16
	processing begun of mesh:  01111111
		processing begun of material:  Green
		registered as also a user of material:  Green
		num positions      :  19
		num normals        :  19
		num tangents       :  0
		num uvs            :  38
		num uvs2           :  0
		num colors         :  0
		num triangles      :  24
	processing begun of mesh:  11000000
		processing begun of material:  Green
		registered as also a user of material:  Green
		num positions      :  10
		num normals        :  10
		num tangents       :  0
		num uvs            :  20
		num uvs2           :  0
		num colors         :  0
		num triangles      :  8
	processing begun of mesh:  10110000
		processing begun of material:  Green
		registered as also a user of material:  Green
		num positions      :  31
		num normals        :  31
		num tangents       :  0
		num uvs            :  62
		num uvs2           :  0
		num colors         :  0
		num triangles      :  40
	processing begun of mesh:  10110011
		processing begun of material:  Green
		registered as also a user of material:  Green
		num positions      :  31
		num normals        :  31
		num tangents       :  0
		num uvs            :  62
		num uvs2           :  0
		num colors         :  0
		num triangles      :  40
	processing begun of mesh:  01110111
		processing begun of material:  Green
		registered as also a user of material:  Green
		num positions      :  10
		num normals        :  10
		num tangents       :  0
		num uvs            :  20
		num uvs2           :  0
		num colors         :  0
		num triangles      :  8
	processing begun of mesh:  01111110
		processing begun of material:  Green
		registered as also a user of material:  Green
		num positions      :  38
		num normals        :  38
		num tangents       :  0
		num uvs            :  76
		num uvs2           :  0
		num colors         :  0
		num triangles      :  48
	processing begun of mesh:  11100101
		processing begun of material:  Green
		registered as also a user of material:  Green
		num positions      :  57
		num normals        :  57
		num tangents       :  0
		num uvs            :  114
		num uvs2           :  0
		num colors         :  0
		num triangles      :  72
	processing begun of mesh:  01110101
		processing begun of material:  Green
		registered as also a user of material:  Green
		num positions      :  29
		num normals        :  29
		num tangents       :  0
		num uvs            :  58
		num uvs2           :  0
		num colors         :  0
		num triangles      :  32
	processing begun of mesh:  01111101
		processing begun of material:  Green
		registered as also a user of material:  Green
		num positions      :  38
		num normals        :  38
		num tangents       :  0
		num uvs            :  76
		num uvs2           :  0
		num colors         :  0
		num triangles      :  48
	processing begun of mesh:  01011010
		processing begun of material:  Green
		registered as also a user of material:  Green
		num positions      :  76
		num normals        :  76
		num tangents       :  0
		num uvs            :  152
		num uvs2           :  0
		num colors         :  0
		num triangles      :  96
	processing begun of mesh:  01111001
		processing begun of material:  Green
		registered as also a user of material:  Green
		num positions      :  29
		num normals        :  29
		num tangents       :  0
		num uvs            :  58
		num uvs2           :  0
		num colors         :  0
		num triangles      :  32
========= Writing of JSON file started =========
	writing mesh:  10000100
	writing mesh:  11110000
	writing mesh:  11111000
	writing mesh:  10000000
	writing mesh:  11111100
	writing mesh:  11001100
	writing mesh:  10110010
	writing mesh:  11100100
	writing mesh:  11001000
	writing mesh:  10001000
	writing mesh:  10101000
	writing mesh:  11100001
	writing mesh:  10000010
	writing mesh:  11001001
	writing mesh:  10100000
	writing mesh:  10100100
	writing mesh:  10000110
	writing mesh:  zero
	writing mesh:  01010110
	writing mesh:  11110101
	writing mesh:  11000011
	writing mesh:  10101010
	writing mesh:  01111111
	writing mesh:  11000000
	writing mesh:  10110000
	writing mesh:  10110011
	writing mesh:  01110111
	writing mesh:  01111110
	writing mesh:  11100101
	writing mesh:  01110101
	writing mesh:  01111101
	writing mesh:  01011010
	writing mesh:  01111001
========= Writing of JSON file completed =========
========= end of processing =========
elapsed time:  0 min, 0.1227 secs
