Exporter version: 6.4.5, Blender version: 2.90.1
========= Conversion from Blender to Babylon.js =========
	Scene settings used :
		Inline textures     :  false
		Material Type       :  PBR
		Positions Precision :  4
		Normals Precision   :  3
		UVs Precision       :  3
		Vert Color Precision:  3
		Mat Weight Precision:  2
		Keep Z-up r-handed  :  no
		Texture directory   :  C:\Users\svent\Documents\Sven Frankson\planet-builder-web\datas\meshes\
	Python World class constructor completed
	WARNING: No active camera has been assigned, or is not in a currently selected Blender layer
	processing begun of mesh:  4-head
		processing begun of material:  Plastic
		processing begun of material:  Steel
		processing begun of material:  Eyes
		processing begun of multimaterial:  drider.Multimaterial#0
		num positions      :  679
		num normals        :  679
		num tangents       :  0
		num uvs            :  1358
		num uvs2           :  1358
		num colors         :  0
		num triangles      :  666
	processing begun of mesh:  0-torso-low
		processing begun of material:  Material.002
		num positions      :  112
		num normals        :  112
		num tangents       :  0
		num uvs            :  224
		num uvs2           :  0
		num colors         :  0
		num triangles      :  176
	processing begun of mesh:  2-upper-leg
		processing begun of material:  Steel
		processing begun of material:  Plastic
		registered as also a user of material:  Steel
		registered as also a user of material:  Plastic
		processing begun of multimaterial:  drider.Multimaterial#1
		num positions      :  209
		num normals        :  209
		num tangents       :  0
		num uvs            :  418
		num uvs2           :  0
		num colors         :  0
		num triangles      :  80
	processing begun of mesh:  3-lower-leg
		processing begun of material:  Plastic
		processing begun of material:  Steel
		processing begun of material:  Material.002
		registered as also a user of material:  Plastic
		registered as also a user of material:  Steel
		registered as also a user of material:  Material.002
		processing begun of multimaterial:  drider.Multimaterial#2
		num positions      :  241
		num normals        :  241
		num tangents       :  0
		num uvs            :  482
		num uvs2           :  0
		num colors         :  0
		num triangles      :  92
	processing begun of mesh:  1-torso-high
		processing begun of material:  Plastic
		processing begun of material:  Steel
		processing begun of material:  Eyes
		registered as also a user of material:  Plastic
		registered as also a user of material:  Steel
		registered as also a user of material:  Eyes
		processing begun of multimaterial:  drider.Multimaterial#3
		num positions      :  246
		num normals        :  246
		num tangents       :  0
		num uvs            :  492
		num uvs2           :  492
		num colors         :  0
		num triangles      :  264
========= Writing of JSON file started =========
	writing mesh:  4-head
	writing mesh:  0-torso-low
	writing mesh:  2-upper-leg
	writing mesh:  3-lower-leg
	writing mesh:  1-torso-high
========= Writing of JSON file completed =========
========= end of processing =========
elapsed time:  0 min, 0.0858 secs
