Exporter version: 6.4.3, Blender version: 2.82 (sub 7)
========= Conversion from Blender to Babylon.js =========
	Scene settings used :
		Inline textures     :  false
		Material Type       :  PBR
		Positions Precision :  4
		Normals Precision   :  3
		UVs Precision       :  3
		Vert Color Precision:  3
		Mat Weight Precision:  2
		Keep Z-up r-handed  :  no
		Texture directory   :  C:\Users\staton\Documents\GitHub\planet-builder-web\datas\meshes\
	Python World class constructor completed
	WARNING: No active camera has been assigned, or is not in a currently selected Blender layer
	processing begun of mesh:  frame-1
		WARNING: No materials have been assigned: 
		num positions      :  162
		num normals        :  162
		num tangents       :  0
		num uvs            :  324
		num uvs2           :  0
		num colors         :  0
		num triangles      :  64
	processing begun of mesh:  frame-04
		WARNING: No materials have been assigned: 
		num positions      :  105
		num normals        :  105
		num tangents       :  0
		num uvs            :  210
		num uvs2           :  0
		num colors         :  0
		num triangles      :  40
========= Writing of JSON file started =========
	writing mesh:  frame-1
	writing mesh:  frame-04
========= Writing of JSON file completed =========
========= end of processing =========
elapsed time:  0 min, 0.03 secs
