Exporter version: 6.4.5, Blender version: 2.90.1
========= Conversion from Blender to Babylon.js =========
	Scene settings used :
		Inline textures     :  false
		Material Type       :  PBR
		Positions Precision :  4
		Normals Precision   :  3
		UVs Precision       :  3
		Vert Color Precision:  3
		Mat Weight Precision:  2
		Keep Z-up r-handed  :  no
		Texture directory   :  C:\Users\svent\Documents\Sven Frankson\planet-builder-web\datas\meshes\
	Python World class constructor completed
	WARNING: No active camera has been assigned, or is not in a currently selected Blender layer
	processing begun of mesh:  1-upper-leg
		processing begun of material:  Material.003
		num positions      :  44
		num normals        :  44
		num tangents       :  0
		num uvs            :  0
		num uvs2           :  0
		num colors         :  0
		num triangles      :  80
		WARNING: # of 0 area faces found:  6
	processing begun of mesh:  5-torso-high
		processing begun of material:  Material.001
		num positions      :  156
		num normals        :  156
		num tangents       :  0
		num uvs            :  0
		num uvs2           :  0
		num colors         :  0
		num triangles      :  308
	processing begun of mesh:  2-leg
		processing begun of material:  Material.004
		num positions      :  49
		num normals        :  49
		num tangents       :  0
		num uvs            :  0
		num uvs2           :  0
		num colors         :  0
		num triangles      :  90
		WARNING: # of 0 area faces found:  6
	processing begun of mesh:  0-torso-low
		processing begun of material:  Material.002
		num positions      :  60
		num normals        :  60
		num tangents       :  0
		num uvs            :  0
		num uvs2           :  0
		num colors         :  0
		num triangles      :  116
	processing begun of mesh:  3-heel
		processing begun of material:  Material.005
		num positions      :  16
		num normals        :  16
		num tangents       :  0
		num uvs            :  0
		num uvs2           :  0
		num colors         :  0
		num triangles      :  28
	processing begun of mesh:  4-toe
		processing begun of material:  Material.006
		num positions      :  21
		num normals        :  21
		num tangents       :  0
		num uvs            :  0
		num uvs2           :  0
		num colors         :  0
		num triangles      :  38
========= Writing of JSON file started =========
	writing mesh:  1-upper-leg
	writing mesh:  5-torso-high
	writing mesh:  2-leg
	writing mesh:  0-torso-low
	writing mesh:  3-heel
	writing mesh:  4-toe
========= Writing of JSON file completed =========
========= end of processing =========
elapsed time:  0 min, 0.0309 secs
