Exporter version: 6.4.5, Blender version: 2.90.1
========= Conversion from Blender to Babylon.js =========
	Scene settings used :
		Inline textures     :  false
		Material Type       :  PBR
		Positions Precision :  4
		Normals Precision   :  3
		UVs Precision       :  3
		Vert Color Precision:  3
		Mat Weight Precision:  2
		Keep Z-up r-handed  :  no
		Texture directory   :  C:\Users\svent\Documents\Sven Frankson\planet-builder-web\datas\meshes\
	Python World class constructor completed
	WARNING: No active camera has been assigned, or is not in a currently selected Blender layer
	processing begun of mesh:  2-landmark
		processing begun of material:  Blue
		num positions      :  61
		num normals        :  61
		num tangents       :  0
		num uvs            :  122
		num uvs2           :  0
		num colors         :  0
		num triangles      :  108
	processing begun of mesh:  1-disc
		processing begun of material:  Blue
		registered as also a user of material:  Blue
		num positions      :  98
		num normals        :  98
		num tangents       :  0
		num uvs            :  196
		num uvs2           :  0
		num colors         :  0
		num triangles      :  192
========= Writing of JSON file started =========
	writing mesh:  2-landmark
	writing mesh:  1-disc
========= Writing of JSON file completed =========
========= end of processing =========
elapsed time:  0 min, 0.0209 secs
