Exporter version: 6.4.5, Blender version: 2.90.1
========= Conversion from Blender to Babylon.js =========
	Scene settings used :
		Inline textures     :  false
		Material Type       :  PBR
		Positions Precision :  4
		Normals Precision   :  3
		UVs Precision       :  3
		Vert Color Precision:  3
		Mat Weight Precision:  2
		Keep Z-up r-handed  :  no
		Texture directory   :  C:\Users\svent\Documents\Sven Frankson\planet-builder-web\datas\meshes\
	Python World class constructor completed
	WARNING: No active camera has been assigned, or is not in a currently selected Blender layer
	processing begun of mesh:  11110000
		processing begun of material:  Green
		num positions      :  9
		num normals        :  9
		num tangents       :  0
		num uvs            :  18
		num uvs2           :  0
		num colors         :  0
		num triangles      :  8
	processing begun of mesh:  10000000
		processing begun of material:  Green
		registered as also a user of material:  Green
		num positions      :  16
		num normals        :  16
		num tangents       :  0
		num uvs            :  32
		num uvs2           :  0
		num colors         :  0
		num triangles      :  20
	processing begun of mesh:  11001100
		processing begun of material:  Green
		registered as also a user of material:  Green
		num positions      :  9
		num normals        :  9
		num tangents       :  0
		num uvs            :  18
		num uvs2           :  0
		num colors         :  0
		num triangles      :  8
	processing begun of mesh:  11111000
		processing begun of material:  Green
		registered as also a user of material:  Green
		num positions      :  20
		num normals        :  20
		num tangents       :  0
		num uvs            :  40
		num uvs2           :  0
		num colors         :  0
		num triangles      :  24
	processing begun of mesh:  11000000
		processing begun of material:  Green
		registered as also a user of material:  Green
		num positions      :  12
		num normals        :  12
		num tangents       :  0
		num uvs            :  24
		num uvs2           :  0
		num colors         :  0
		num triangles      :  12
	processing begun of mesh:  10001000
		processing begun of material:  Green
		registered as also a user of material:  Green
		num positions      :  15
		num normals        :  15
		num tangents       :  0
		num uvs            :  30
		num uvs2           :  0
		num colors         :  0
		num triangles      :  16
	processing begun of mesh:  10100000
		processing begun of material:  Green
		registered as also a user of material:  Green
		num positions      :  32
		num normals        :  32
		num tangents       :  0
		num uvs            :  64
		num uvs2           :  0
		num colors         :  0
		num triangles      :  42
	processing begun of mesh:  11001000
		processing begun of material:  Green
		registered as also a user of material:  Green
		num positions      :  18
		num normals        :  18
		num tangents       :  0
		num uvs            :  36
		num uvs2           :  0
		num colors         :  0
		num triangles      :  21
	processing begun of mesh:  10101000
		processing begun of material:  Green
		registered as also a user of material:  Green
		num positions      :  38
		num normals        :  38
		num tangents       :  0
		num uvs            :  76
		num uvs2           :  0
		num colors         :  0
		num triangles      :  52
	processing begun of mesh:  11000110
		processing begun of material:  Green
		registered as also a user of material:  Green
		num positions      :  23
		num normals        :  23
		num tangents       :  0
		num uvs            :  46
		num uvs2           :  0
		num colors         :  0
		num triangles      :  28
	processing begun of mesh:  10000001
		processing begun of material:  Green
		registered as also a user of material:  Green
		num positions      :  32
		num normals        :  32
		num tangents       :  0
		num uvs            :  64
		num uvs2           :  0
		num colors         :  0
		num triangles      :  42
	processing begun of mesh:  11000011
		processing begun of material:  Green
		registered as also a user of material:  Green
		num positions      :  24
		num normals        :  24
		num tangents       :  0
		num uvs            :  48
		num uvs2           :  0
		num colors         :  0
		num triangles      :  24
	processing begun of mesh:  11010001
		processing begun of material:  Green
		registered as also a user of material:  Green
		num positions      :  28
		num normals        :  28
		num tangents       :  0
		num uvs            :  56
		num uvs2           :  0
		num colors         :  0
		num triangles      :  37
	processing begun of mesh:  11011000
		processing begun of material:  Green
		registered as also a user of material:  Green
		num positions      :  32
		num normals        :  32
		num tangents       :  0
		num uvs            :  64
		num uvs2           :  0
		num colors         :  0
		num triangles      :  42
	processing begun of mesh:  11000001
		processing begun of material:  Green
		registered as also a user of material:  Green
		num positions      :  27
		num normals        :  27
		num tangents       :  0
		num uvs            :  54
		num uvs2           :  0
		num colors         :  0
		num triangles      :  33
========= Writing of JSON file started =========
	writing mesh:  11110000
	writing mesh:  10000000
	writing mesh:  11001100
	writing mesh:  11111000
	writing mesh:  11000000
	writing mesh:  10001000
	writing mesh:  10100000
	writing mesh:  11001000
	writing mesh:  10101000
	writing mesh:  11000110
	writing mesh:  10000001
	writing mesh:  11000011
	writing mesh:  11010001
	writing mesh:  11011000
	writing mesh:  11000001
========= Writing of JSON file completed =========
========= end of processing =========
elapsed time:  0 min, 0.0409 secs
